13-Mar-2026 10:33:38.208 INFO [main] org.apache.catalina.startup.VersionLoggerListener.log Server version name:   Apache Tomcat/10.1.18
13-Mar-2026 10:33:38.213 INFO [main] org.apache.catalina.startup.VersionLoggerListener.log Server built:          Jan 5 2024 14:39:40 UTC
13-Mar-2026 10:33:38.213 INFO [main] org.apache.catalina.startup.VersionLoggerListener.log Server version number: 10.1.18.0
13-Mar-2026 10:33:38.214 INFO [main] org.apache.catalina.startup.VersionLoggerListener.log OS Name:               Linux
13-Mar-2026 10:33:38.214 INFO [main] org.apache.catalina.startup.VersionLoggerListener.log OS Version:            6.8.0-1044-azure
13-Mar-2026 10:33:38.214 INFO [main] org.apache.catalina.startup.VersionLoggerListener.log Architecture:          amd64
13-Mar-2026 10:33:38.214 INFO [main] org.apache.catalina.startup.VersionLoggerListener.log Java Home:             /usr/local/sdkman/candidates/java/25.0.1-ms
13-Mar-2026 10:33:38.216 INFO [main] org.apache.catalina.startup.VersionLoggerListener.log JVM Version:           25.0.1+8-LTS
13-Mar-2026 10:33:38.216 INFO [main] org.apache.catalina.startup.VersionLoggerListener.log JVM Vendor:            Microsoft
13-Mar-2026 10:33:38.216 INFO [main] org.apache.catalina.startup.VersionLoggerListener.log CATALINA_BASE:         /workspaces/Shopping-book/apache-tomcat-10.1.18
13-Mar-2026 10:33:38.216 INFO [main] org.apache.catalina.startup.VersionLoggerListener.log CATALINA_HOME:         /workspaces/Shopping-book/apache-tomcat-10.1.18
13-Mar-2026 10:33:38.257 INFO [main] org.apache.catalina.startup.VersionLoggerListener.log Command line argument: -Djava.util.logging.config.file=/workspaces/Shopping-book/apache-tomcat-10.1.18/conf/logging.properties
13-Mar-2026 10:33:38.257 INFO [main] org.apache.catalina.startup.VersionLoggerListener.log Command line argument: -Djava.util.logging.manager=org.apache.juli.ClassLoaderLogManager
13-Mar-2026 10:33:38.257 INFO [main] org.apache.catalina.startup.VersionLoggerListener.log Command line argument: -Djdk.tls.ephemeralDHKeySize=2048
13-Mar-2026 10:33:38.257 INFO [main] org.apache.catalina.startup.VersionLoggerListener.log Command line argument: -Djava.protocol.handler.pkgs=org.apache.catalina.webresources
13-Mar-2026 10:33:38.257 INFO [main] org.apache.catalina.startup.VersionLoggerListener.log Command line argument: -Dorg.apache.catalina.security.SecurityListener.UMASK=0027
13-Mar-2026 10:33:38.257 INFO [main] org.apache.catalina.startup.VersionLoggerListener.log Command line argument: --add-opens=java.base/java.lang=ALL-UNNAMED
13-Mar-2026 10:33:38.258 INFO [main] org.apache.catalina.startup.VersionLoggerListener.log Command line argument: --add-opens=java.base/java.io=ALL-UNNAMED
13-Mar-2026 10:33:38.258 INFO [main] org.apache.catalina.startup.VersionLoggerListener.log Command line argument: --add-opens=java.base/java.util=ALL-UNNAMED
13-Mar-2026 10:33:38.258 INFO [main] org.apache.catalina.startup.VersionLoggerListener.log Command line argument: --add-opens=java.base/java.util.concurrent=ALL-UNNAMED
13-Mar-2026 10:33:38.278 INFO [main] org.apache.catalina.startup.VersionLoggerListener.log Command line argument: --add-opens=java.rmi/sun.rmi.transport=ALL-UNNAMED
13-Mar-2026 10:33:38.278 INFO [main] org.apache.catalina.startup.VersionLoggerListener.log Command line argument: -Dcatalina.base=/workspaces/Shopping-book/apache-tomcat-10.1.18
13-Mar-2026 10:33:38.278 INFO [main] org.apache.catalina.startup.VersionLoggerListener.log Command line argument: -Dcatalina.home=/workspaces/Shopping-book/apache-tomcat-10.1.18
13-Mar-2026 10:33:38.278 INFO [main] org.apache.catalina.startup.VersionLoggerListener.log Command line argument: -Djava.io.tmpdir=/workspaces/Shopping-book/apache-tomcat-10.1.18/temp
WARNING: A restricted method in java.lang.System has been called
WARNING: java.lang.System::load has been called by org.apache.tomcat.jni.Library in an unnamed module (file:/workspaces/Shopping-book/apache-tomcat-10.1.18/lib/tomcat-jni.jar)
WARNING: Use --enable-native-access=ALL-UNNAMED to avoid a warning for callers in this module
WARNING: Restricted methods will be blocked in a future release unless native access is enabled

13-Mar-2026 10:33:38.304 INFO [main] org.apache.catalina.core.AprLifecycleListener.lifecycleEvent The Apache Tomcat Native library which allows using OpenSSL was not found on the java.library.path: [/usr/java/packages/lib:/usr/lib64:/lib64:/lib:/usr/lib]
13-Mar-2026 10:33:38.845 INFO [main] org.apache.coyote.AbstractProtocol.init Initializing ProtocolHandler ["http-nio-8080"]
13-Mar-2026 10:33:38.868 INFO [main] org.apache.catalina.startup.Catalina.load Server initialization in [959] milliseconds
13-Mar-2026 10:33:38.928 INFO [main] org.apache.catalina.core.StandardService.startInternal Starting service [Catalina]
13-Mar-2026 10:33:38.929 INFO [main] org.apache.catalina.core.StandardEngine.startInternal Starting Servlet engine: [Apache Tomcat/10.1.18]
13-Mar-2026 10:33:38.948 INFO [main] org.apache.catalina.startup.HostConfig.deployDirectory Deploying web application directory [/workspaces/Shopping-book/apache-tomcat-10.1.18/webapps/docs]
13-Mar-2026 10:33:39.392 INFO [main] org.apache.catalina.startup.HostConfig.deployDirectory Deployment of web application directory [/workspaces/Shopping-book/apache-tomcat-10.1.18/webapps/docs] has finished in [439] ms
13-Mar-2026 10:33:39.393 INFO [main] org.apache.catalina.startup.HostConfig.deployDirectory Deploying web application directory [/workspaces/Shopping-book/apache-tomcat-10.1.18/webapps/examples]
13-Mar-2026 10:33:39.938 INFO [main] org.apache.catalina.startup.HostConfig.deployDirectory Deployment of web application directory [/workspaces/Shopping-book/apache-tomcat-10.1.18/webapps/examples] has finished in [545] ms
13-Mar-2026 10:33:39.939 INFO [main] org.apache.catalina.startup.HostConfig.deployDirectory Deploying web application directory [/workspaces/Shopping-book/apache-tomcat-10.1.18/webapps/manager]
13-Mar-2026 10:33:40.029 INFO [main] org.apache.catalina.startup.HostConfig.deployDirectory Deployment of web application directory [/workspaces/Shopping-book/apache-tomcat-10.1.18/webapps/manager] has finished in [90] ms
13-Mar-2026 10:33:40.030 INFO [main] org.apache.catalina.startup.HostConfig.deployDirectory Deploying web application directory [/workspaces/Shopping-book/apache-tomcat-10.1.18/webapps/host-manager]
13-Mar-2026 10:33:40.065 INFO [main] org.apache.catalina.startup.HostConfig.deployDirectory Deployment of web application directory [/workspaces/Shopping-book/apache-tomcat-10.1.18/webapps/host-manager] has finished in [34] ms
13-Mar-2026 10:33:40.066 INFO [main] org.apache.catalina.startup.HostConfig.deployDirectory Deploying web application directory [/workspaces/Shopping-book/apache-tomcat-10.1.18/webapps/bookstore]
13-Mar-2026 10:33:40.108 INFO [main] org.apache.catalina.startup.HostConfig.deployDirectory Deployment of web application directory [/workspaces/Shopping-book/apache-tomcat-10.1.18/webapps/bookstore] has finished in [41] ms
13-Mar-2026 10:33:40.108 INFO [main] org.apache.catalina.startup.HostConfig.deployDirectory Deploying web application directory [/workspaces/Shopping-book/apache-tomcat-10.1.18/webapps/ROOT]
13-Mar-2026 10:33:40.132 INFO [main] org.apache.catalina.startup.HostConfig.deployDirectory Deployment of web application directory [/workspaces/Shopping-book/apache-tomcat-10.1.18/webapps/ROOT] has finished in [24] ms
13-Mar-2026 10:33:40.138 INFO [main] org.apache.coyote.AbstractProtocol.start Starting ProtocolHandler ["http-nio-8080"]
13-Mar-2026 10:33:40.160 INFO [main] org.apache.catalina.startup.Catalina.start Server startup in [1286] milliseconds
13-Mar-2026 10:40:26.607 INFO [main] org.apache.catalina.core.StandardServer.await A valid shutdown command was received via the shutdown port. Stopping the Server instance.
13-Mar-2026 10:40:26.608 INFO [main] org.apache.coyote.AbstractProtocol.pause Pausing ProtocolHandler ["http-nio-8080"]
13-Mar-2026 10:40:26.615 INFO [main] org.apache.catalina.core.StandardService.stopInternal Stopping service [Catalina]
13-Mar-2026 10:40:26.653 INFO [main] org.apache.coyote.AbstractProtocol.stop Stopping ProtocolHandler ["http-nio-8080"]
13-Mar-2026 10:40:26.663 INFO [main] org.apache.coyote.AbstractProtocol.destroy Destroying ProtocolHandler ["http-nio-8080"]
13-Mar-2026 10:40:29.881 INFO [main] org.apache.catalina.startup.VersionLoggerListener.log Server version name:   Apache Tomcat/10.1.18
13-Mar-2026 10:40:29.887 INFO [main] org.apache.catalina.startup.VersionLoggerListener.log Server built:          Jan 5 2024 14:39:40 UTC
13-Mar-2026 10:40:29.888 INFO [main] org.apache.catalina.startup.VersionLoggerListener.log Server version number: 10.1.18.0
13-Mar-2026 10:40:29.888 INFO [main] org.apache.catalina.startup.VersionLoggerListener.log OS Name:               Linux
13-Mar-2026 10:40:29.889 INFO [main] org.apache.catalina.startup.VersionLoggerListener.log OS Version:            6.8.0-1044-azure
13-Mar-2026 10:40:29.889 INFO [main] org.apache.catalina.startup.VersionLoggerListener.log Architecture:          amd64
13-Mar-2026 10:40:29.889 INFO [main] org.apache.catalina.startup.VersionLoggerListener.log Java Home:             /usr/local/sdkman/candidates/java/25.0.1-ms
13-Mar-2026 10:40:29.889 INFO [main] org.apache.catalina.startup.VersionLoggerListener.log JVM Version:           25.0.1+8-LTS
13-Mar-2026 10:40:29.889 INFO [main] org.apache.catalina.startup.VersionLoggerListener.log JVM Vendor:            Microsoft
13-Mar-2026 10:40:29.889 INFO [main] org.apache.catalina.startup.VersionLoggerListener.log CATALINA_BASE:         /workspaces/Shopping-book/apache-tomcat-10.1.18
13-Mar-2026 10:40:29.889 INFO [main] org.apache.catalina.startup.VersionLoggerListener.log CATALINA_HOME:         /workspaces/Shopping-book/apache-tomcat-10.1.18
13-Mar-2026 10:40:29.908 INFO [main] org.apache.catalina.startup.VersionLoggerListener.log Command line argument: -Djava.util.logging.config.file=/workspaces/Shopping-book/apache-tomcat-10.1.18/conf/logging.properties
13-Mar-2026 10:40:29.909 INFO [main] org.apache.catalina.startup.VersionLoggerListener.log Command line argument: -Djava.util.logging.manager=org.apache.juli.ClassLoaderLogManager
13-Mar-2026 10:40:29.909 INFO [main] org.apache.catalina.startup.VersionLoggerListener.log Command line argument: -Djdk.tls.ephemeralDHKeySize=2048
13-Mar-2026 10:40:29.909 INFO [main] org.apache.catalina.startup.VersionLoggerListener.log Command line argument: -Djava.protocol.handler.pkgs=org.apache.catalina.webresources
13-Mar-2026 10:40:29.909 INFO [main] org.apache.catalina.startup.VersionLoggerListener.log Command line argument: -Dorg.apache.catalina.security.SecurityListener.UMASK=0027
13-Mar-2026 10:40:29.910 INFO [main] org.apache.catalina.startup.VersionLoggerListener.log Command line argument: --add-opens=java.base/java.lang=ALL-UNNAMED
13-Mar-2026 10:40:29.910 INFO [main] org.apache.catalina.startup.VersionLoggerListener.log Command line argument: --add-opens=java.base/java.io=ALL-UNNAMED
13-Mar-2026 10:40:29.910 INFO [main] org.apache.catalina.startup.VersionLoggerListener.log Command line argument: --add-opens=java.base/java.util=ALL-UNNAMED
13-Mar-2026 10:40:29.913 INFO [main] org.apache.catalina.startup.VersionLoggerListener.log Command line argument: --add-opens=java.base/java.util.concurrent=ALL-UNNAMED
13-Mar-2026 10:40:29.913 INFO [main] org.apache.catalina.startup.VersionLoggerListener.log Command line argument: --add-opens=java.rmi/sun.rmi.transport=ALL-UNNAMED
13-Mar-2026 10:40:29.913 INFO [main] org.apache.catalina.startup.VersionLoggerListener.log Command line argument: -Dcatalina.base=/workspaces/Shopping-book/apache-tomcat-10.1.18
13-Mar-2026 10:40:29.913 INFO [main] org.apache.catalina.startup.VersionLoggerListener.log Command line argument: -Dcatalina.home=/workspaces/Shopping-book/apache-tomcat-10.1.18
13-Mar-2026 10:40:29.914 INFO [main] org.apache.catalina.startup.VersionLoggerListener.log Command line argument: -Djava.io.tmpdir=/workspaces/Shopping-book/apache-tomcat-10.1.18/temp
WARNING: A restricted method in java.lang.System has been called
WARNING: java.lang.System::load has been called by org.apache.tomcat.jni.Library in an unnamed module (file:/workspaces/Shopping-book/apache-tomcat-10.1.18/lib/tomcat-jni.jar)
WARNING: Use --enable-native-access=ALL-UNNAMED to avoid a warning for callers in this module
WARNING: Restricted methods will be blocked in a future release unless native access is enabled

13-Mar-2026 10:40:29.919 INFO [main] org.apache.catalina.core.AprLifecycleListener.lifecycleEvent The Apache Tomcat Native library which allows using OpenSSL was not found on the java.library.path: [/usr/java/packages/lib:/usr/lib64:/lib64:/lib:/usr/lib]
13-Mar-2026 10:40:30.468 INFO [main] org.apache.coyote.AbstractProtocol.init Initializing ProtocolHandler ["http-nio-8080"]
13-Mar-2026 10:40:30.521 INFO [main] org.apache.catalina.startup.Catalina.load Server initialization in [873] milliseconds
13-Mar-2026 10:40:30.558 INFO [main] org.apache.catalina.core.StandardService.startInternal Starting service [Catalina]
13-Mar-2026 10:40:30.558 INFO [main] org.apache.catalina.core.StandardEngine.startInternal Starting Servlet engine: [Apache Tomcat/10.1.18]
13-Mar-2026 10:40:30.565 INFO [main] org.apache.catalina.startup.HostConfig.deployDirectory Deploying web application directory [/workspaces/Shopping-book/apache-tomcat-10.1.18/webapps/docs]
13-Mar-2026 10:40:30.946 INFO [main] org.apache.catalina.startup.HostConfig.deployDirectory Deployment of web application directory [/workspaces/Shopping-book/apache-tomcat-10.1.18/webapps/docs] has finished in [378] ms
13-Mar-2026 10:40:30.947 INFO [main] org.apache.catalina.startup.HostConfig.deployDirectory Deploying web application directory [/workspaces/Shopping-book/apache-tomcat-10.1.18/webapps/examples]
13-Mar-2026 10:40:31.370 INFO [main] org.apache.catalina.startup.HostConfig.deployDirectory Deployment of web application directory [/workspaces/Shopping-book/apache-tomcat-10.1.18/webapps/examples] has finished in [423] ms
13-Mar-2026 10:40:31.370 INFO [main] org.apache.catalina.startup.HostConfig.deployDirectory Deploying web application directory [/workspaces/Shopping-book/apache-tomcat-10.1.18/webapps/manager]
13-Mar-2026 10:40:31.409 INFO [main] org.apache.catalina.startup.HostConfig.deployDirectory Deployment of web application directory [/workspaces/Shopping-book/apache-tomcat-10.1.18/webapps/manager] has finished in [39] ms
13-Mar-2026 10:40:31.410 INFO [main] org.apache.catalina.startup.HostConfig.deployDirectory Deploying web application directory [/workspaces/Shopping-book/apache-tomcat-10.1.18/webapps/host-manager]
13-Mar-2026 10:40:31.435 INFO [main] org.apache.catalina.startup.HostConfig.deployDirectory Deployment of web application directory [/workspaces/Shopping-book/apache-tomcat-10.1.18/webapps/host-manager] has finished in [25] ms
13-Mar-2026 10:40:31.435 INFO [main] org.apache.catalina.startup.HostConfig.deployDirectory Deploying web application directory [/workspaces/Shopping-book/apache-tomcat-10.1.18/webapps/bookstore]
13-Mar-2026 10:40:31.494 INFO [main] org.apache.catalina.startup.HostConfig.deployDirectory Deployment of web application directory [/workspaces/Shopping-book/apache-tomcat-10.1.18/webapps/bookstore] has finished in [58] ms
13-Mar-2026 10:40:31.497 INFO [main] org.apache.catalina.startup.HostConfig.deployDirectory Deploying web application directory [/workspaces/Shopping-book/apache-tomcat-10.1.18/webapps/ROOT]
13-Mar-2026 10:40:31.517 INFO [main] org.apache.catalina.startup.HostConfig.deployDirectory Deployment of web application directory [/workspaces/Shopping-book/apache-tomcat-10.1.18/webapps/ROOT] has finished in [19] ms
13-Mar-2026 10:40:31.521 INFO [main] org.apache.coyote.AbstractProtocol.start Starting ProtocolHandler ["http-nio-8080"]
13-Mar-2026 10:40:31.535 INFO [main] org.apache.catalina.startup.Catalina.start Server startup in [1012] milliseconds
