20-Mar-2026 11:12:30.759 INFO [main] org.apache.catalina.startup.VersionLoggerListener.log Server version name:   Apache Tomcat/10.1.18
20-Mar-2026 11:12:30.768 INFO [main] org.apache.catalina.startup.VersionLoggerListener.log Server built:          Jan 5 2024 14:39:40 UTC
20-Mar-2026 11:12:30.768 INFO [main] org.apache.catalina.startup.VersionLoggerListener.log Server version number: 10.1.18.0
20-Mar-2026 11:12:30.768 INFO [main] org.apache.catalina.startup.VersionLoggerListener.log OS Name:               Linux
20-Mar-2026 11:12:30.768 INFO [main] org.apache.catalina.startup.VersionLoggerListener.log OS Version:            6.8.0-1044-azure
20-Mar-2026 11:12:30.769 INFO [main] org.apache.catalina.startup.VersionLoggerListener.log Architecture:          amd64
20-Mar-2026 11:12:30.769 INFO [main] org.apache.catalina.startup.VersionLoggerListener.log Java Home:             /usr/local/sdkman/candidates/java/25.0.1-ms
20-Mar-2026 11:12:30.769 INFO [main] org.apache.catalina.startup.VersionLoggerListener.log JVM Version:           25.0.1+8-LTS
20-Mar-2026 11:12:30.769 INFO [main] org.apache.catalina.startup.VersionLoggerListener.log JVM Vendor:            Microsoft
20-Mar-2026 11:12:30.769 INFO [main] org.apache.catalina.startup.VersionLoggerListener.log CATALINA_BASE:         /workspaces/Shopping-book/apache-tomcat-10.1.18
20-Mar-2026 11:12:30.770 INFO [main] org.apache.catalina.startup.VersionLoggerListener.log CATALINA_HOME:         /workspaces/Shopping-book/apache-tomcat-10.1.18
20-Mar-2026 11:12:30.801 INFO [main] org.apache.catalina.startup.VersionLoggerListener.log Command line argument: -Djava.util.logging.config.file=/workspaces/Shopping-book/apache-tomcat-10.1.18/conf/logging.properties
20-Mar-2026 11:12:30.805 INFO [main] org.apache.catalina.startup.VersionLoggerListener.log Command line argument: -Djava.util.logging.manager=org.apache.juli.ClassLoaderLogManager
20-Mar-2026 11:12:30.805 INFO [main] org.apache.catalina.startup.VersionLoggerListener.log Command line argument: -Djdk.tls.ephemeralDHKeySize=2048
20-Mar-2026 11:12:30.805 INFO [main] org.apache.catalina.startup.VersionLoggerListener.log Command line argument: -Djava.protocol.handler.pkgs=org.apache.catalina.webresources
20-Mar-2026 11:12:30.805 INFO [main] org.apache.catalina.startup.VersionLoggerListener.log Command line argument: -Dorg.apache.catalina.security.SecurityListener.UMASK=0027
20-Mar-2026 11:12:30.806 INFO [main] org.apache.catalina.startup.VersionLoggerListener.log Command line argument: --add-opens=java.base/java.lang=ALL-UNNAMED
20-Mar-2026 11:12:30.806 INFO [main] org.apache.catalina.startup.VersionLoggerListener.log Command line argument: --add-opens=java.base/java.io=ALL-UNNAMED
20-Mar-2026 11:12:30.807 INFO [main] org.apache.catalina.startup.VersionLoggerListener.log Command line argument: --add-opens=java.base/java.util=ALL-UNNAMED
20-Mar-2026 11:12:30.807 INFO [main] org.apache.catalina.startup.VersionLoggerListener.log Command line argument: --add-opens=java.base/java.util.concurrent=ALL-UNNAMED
20-Mar-2026 11:12:30.807 INFO [main] org.apache.catalina.startup.VersionLoggerListener.log Command line argument: --add-opens=java.rmi/sun.rmi.transport=ALL-UNNAMED
20-Mar-2026 11:12:30.807 INFO [main] org.apache.catalina.startup.VersionLoggerListener.log Command line argument: -Dcatalina.base=/workspaces/Shopping-book/apache-tomcat-10.1.18
20-Mar-2026 11:12:30.807 INFO [main] org.apache.catalina.startup.VersionLoggerListener.log Command line argument: -Dcatalina.home=/workspaces/Shopping-book/apache-tomcat-10.1.18
20-Mar-2026 11:12:30.807 INFO [main] org.apache.catalina.startup.VersionLoggerListener.log Command line argument: -Djava.io.tmpdir=/workspaces/Shopping-book/apache-tomcat-10.1.18/temp
20-Mar-2026 11:12:30.813 INFO [main] org.apache.catalina.core.AprLifecycleListener.lifecycleEvent The Apache Tomcat Native library which allows using OpenSSL was not found on the java.library.path: [/usr/java/packages/lib:/usr/lib64:/lib64:/lib:/usr/lib]
20-Mar-2026 11:12:31.358 INFO [main] org.apache.coyote.AbstractProtocol.init Initializing ProtocolHandler ["http-nio-8080"]
20-Mar-2026 11:12:31.481 INFO [main] org.apache.catalina.startup.Catalina.load Server initialization in [1219] milliseconds
20-Mar-2026 11:12:31.571 INFO [main] org.apache.catalina.core.StandardService.startInternal Starting service [Catalina]
20-Mar-2026 11:12:31.572 INFO [main] org.apache.catalina.core.StandardEngine.startInternal Starting Servlet engine: [Apache Tomcat/10.1.18]
20-Mar-2026 11:12:31.583 INFO [main] org.apache.catalina.startup.HostConfig.deployDirectory Deploying web application directory [/workspaces/Shopping-book/apache-tomcat-10.1.18/webapps/docs]
20-Mar-2026 11:12:32.317 INFO [main] org.apache.catalina.startup.HostConfig.deployDirectory Deployment of web application directory [/workspaces/Shopping-book/apache-tomcat-10.1.18/webapps/docs] has finished in [730] ms
20-Mar-2026 11:12:32.318 INFO [main] org.apache.catalina.startup.HostConfig.deployDirectory Deploying web application directory [/workspaces/Shopping-book/apache-tomcat-10.1.18/webapps/examples]
20-Mar-2026 11:12:33.022 INFO [main] org.apache.catalina.startup.HostConfig.deployDirectory Deployment of web application directory [/workspaces/Shopping-book/apache-tomcat-10.1.18/webapps/examples] has finished in [704] ms
20-Mar-2026 11:12:33.023 INFO [main] org.apache.catalina.startup.HostConfig.deployDirectory Deploying web application directory [/workspaces/Shopping-book/apache-tomcat-10.1.18/webapps/manager]
20-Mar-2026 11:12:33.049 INFO [main] org.apache.catalina.startup.HostConfig.deployDirectory Deployment of web application directory [/workspaces/Shopping-book/apache-tomcat-10.1.18/webapps/manager] has finished in [25] ms
20-Mar-2026 11:12:33.049 INFO [main] org.apache.catalina.startup.HostConfig.deployDirectory Deploying web application directory [/workspaces/Shopping-book/apache-tomcat-10.1.18/webapps/host-manager]
20-Mar-2026 11:12:33.073 INFO [main] org.apache.catalina.startup.HostConfig.deployDirectory Deployment of web application directory [/workspaces/Shopping-book/apache-tomcat-10.1.18/webapps/host-manager] has finished in [24] ms
20-Mar-2026 11:12:33.073 INFO [main] org.apache.catalina.startup.HostConfig.deployDirectory Deploying web application directory [/workspaces/Shopping-book/apache-tomcat-10.1.18/webapps/bookstore]
20-Mar-2026 11:12:33.100 INFO [main] org.apache.catalina.startup.HostConfig.deployDirectory Deployment of web application directory [/workspaces/Shopping-book/apache-tomcat-10.1.18/webapps/bookstore] has finished in [26] ms
20-Mar-2026 11:12:33.100 INFO [main] org.apache.catalina.startup.HostConfig.deployDirectory Deploying web application directory [/workspaces/Shopping-book/apache-tomcat-10.1.18/webapps/ROOT]
20-Mar-2026 11:12:33.118 INFO [main] org.apache.catalina.startup.HostConfig.deployDirectory Deployment of web application directory [/workspaces/Shopping-book/apache-tomcat-10.1.18/webapps/ROOT] has finished in [18] ms
20-Mar-2026 11:12:33.124 INFO [main] org.apache.coyote.AbstractProtocol.start Starting ProtocolHandler ["http-nio-8080"]
20-Mar-2026 11:12:33.153 INFO [main] org.apache.catalina.startup.Catalina.start Server startup in [1667] milliseconds
20-Mar-2026 13:57:27.435 INFO [main] org.apache.catalina.startup.VersionLoggerListener.log Server version name:   Apache Tomcat/10.1.18
20-Mar-2026 13:57:27.459 INFO [main] org.apache.catalina.startup.VersionLoggerListener.log Server built:          Jan 5 2024 14:39:40 UTC
20-Mar-2026 13:57:27.459 INFO [main] org.apache.catalina.startup.VersionLoggerListener.log Server version number: 10.1.18.0
20-Mar-2026 13:57:27.459 INFO [main] org.apache.catalina.startup.VersionLoggerListener.log OS Name:               Linux
20-Mar-2026 13:57:27.459 INFO [main] org.apache.catalina.startup.VersionLoggerListener.log OS Version:            6.8.0-1044-azure
20-Mar-2026 13:57:27.460 INFO [main] org.apache.catalina.startup.VersionLoggerListener.log Architecture:          amd64
20-Mar-2026 13:57:27.460 INFO [main] org.apache.catalina.startup.VersionLoggerListener.log Java Home:             /usr/local/sdkman/candidates/java/25.0.1-ms
20-Mar-2026 13:57:27.460 INFO [main] org.apache.catalina.startup.VersionLoggerListener.log JVM Version:           25.0.1+8-LTS
20-Mar-2026 13:57:27.460 INFO [main] org.apache.catalina.startup.VersionLoggerListener.log JVM Vendor:            Microsoft
20-Mar-2026 13:57:27.460 INFO [main] org.apache.catalina.startup.VersionLoggerListener.log CATALINA_BASE:         /workspaces/Shopping-book/apache-tomcat-10.1.18
20-Mar-2026 13:57:27.460 INFO [main] org.apache.catalina.startup.VersionLoggerListener.log CATALINA_HOME:         /workspaces/Shopping-book/apache-tomcat-10.1.18
20-Mar-2026 13:57:27.623 INFO [main] org.apache.catalina.startup.VersionLoggerListener.log Command line argument: -Djava.util.logging.config.file=/workspaces/Shopping-book/apache-tomcat-10.1.18/conf/logging.properties
20-Mar-2026 13:57:27.625 INFO [main] org.apache.catalina.startup.VersionLoggerListener.log Command line argument: -Djava.util.logging.manager=org.apache.juli.ClassLoaderLogManager
20-Mar-2026 13:57:27.625 INFO [main] org.apache.catalina.startup.VersionLoggerListener.log Command line argument: -Djdk.tls.ephemeralDHKeySize=2048
20-Mar-2026 13:57:27.626 INFO [main] org.apache.catalina.startup.VersionLoggerListener.log Command line argument: -Djava.protocol.handler.pkgs=org.apache.catalina.webresources
20-Mar-2026 13:57:27.627 INFO [main] org.apache.catalina.startup.VersionLoggerListener.log Command line argument: -Dorg.apache.catalina.security.SecurityListener.UMASK=0027
20-Mar-2026 13:57:27.627 INFO [main] org.apache.catalina.startup.VersionLoggerListener.log Command line argument: --add-opens=java.base/java.lang=ALL-UNNAMED
20-Mar-2026 13:57:27.627 INFO [main] org.apache.catalina.startup.VersionLoggerListener.log Command line argument: --add-opens=java.base/java.io=ALL-UNNAMED
20-Mar-2026 13:57:27.627 INFO [main] org.apache.catalina.startup.VersionLoggerListener.log Command line argument: --add-opens=java.base/java.util=ALL-UNNAMED
20-Mar-2026 13:57:27.627 INFO [main] org.apache.catalina.startup.VersionLoggerListener.log Command line argument: --add-opens=java.base/java.util.concurrent=ALL-UNNAMED
20-Mar-2026 13:57:27.627 INFO [main] org.apache.catalina.startup.VersionLoggerListener.log Command line argument: --add-opens=java.rmi/sun.rmi.transport=ALL-UNNAMED
20-Mar-2026 13:57:27.628 INFO [main] org.apache.catalina.startup.VersionLoggerListener.log Command line argument: -Dcatalina.base=/workspaces/Shopping-book/apache-tomcat-10.1.18
20-Mar-2026 13:57:27.630 INFO [main] org.apache.catalina.startup.VersionLoggerListener.log Command line argument: -Dcatalina.home=/workspaces/Shopping-book/apache-tomcat-10.1.18
20-Mar-2026 13:57:27.630 INFO [main] org.apache.catalina.startup.VersionLoggerListener.log Command line argument: -Djava.io.tmpdir=/workspaces/Shopping-book/apache-tomcat-10.1.18/temp
20-Mar-2026 13:57:27.655 INFO [main] org.apache.catalina.core.AprLifecycleListener.lifecycleEvent The Apache Tomcat Native library which allows using OpenSSL was not found on the java.library.path: [/usr/java/packages/lib:/usr/lib64:/lib64:/lib:/usr/lib]
20-Mar-2026 13:57:28.304 INFO [main] org.apache.coyote.AbstractProtocol.init Initializing ProtocolHandler ["http-nio-8080"]
20-Mar-2026 13:57:28.339 INFO [main] org.apache.catalina.startup.Catalina.load Server initialization in [1217] milliseconds
20-Mar-2026 13:57:28.401 INFO [main] org.apache.catalina.core.StandardService.startInternal Starting service [Catalina]
20-Mar-2026 13:57:28.404 INFO [main] org.apache.catalina.core.StandardEngine.startInternal Starting Servlet engine: [Apache Tomcat/10.1.18]
20-Mar-2026 13:57:28.421 INFO [main] org.apache.catalina.startup.HostConfig.deployDirectory Deploying web application directory [/workspaces/Shopping-book/apache-tomcat-10.1.18/webapps/docs]
20-Mar-2026 13:57:29.304 INFO [main] org.apache.catalina.startup.HostConfig.deployDirectory Deployment of web application directory [/workspaces/Shopping-book/apache-tomcat-10.1.18/webapps/docs] has finished in [880] ms
20-Mar-2026 13:57:29.305 INFO [main] org.apache.catalina.startup.HostConfig.deployDirectory Deploying web application directory [/workspaces/Shopping-book/apache-tomcat-10.1.18/webapps/examples]
20-Mar-2026 13:57:29.926 INFO [main] org.apache.catalina.startup.HostConfig.deployDirectory Deployment of web application directory [/workspaces/Shopping-book/apache-tomcat-10.1.18/webapps/examples] has finished in [622] ms
20-Mar-2026 13:57:29.927 INFO [main] org.apache.catalina.startup.HostConfig.deployDirectory Deploying web application directory [/workspaces/Shopping-book/apache-tomcat-10.1.18/webapps/manager]
20-Mar-2026 13:57:29.962 INFO [main] org.apache.catalina.startup.HostConfig.deployDirectory Deployment of web application directory [/workspaces/Shopping-book/apache-tomcat-10.1.18/webapps/manager] has finished in [34] ms
20-Mar-2026 13:57:29.962 INFO [main] org.apache.catalina.startup.HostConfig.deployDirectory Deploying web application directory [/workspaces/Shopping-book/apache-tomcat-10.1.18/webapps/host-manager]
20-Mar-2026 13:57:29.984 INFO [main] org.apache.catalina.startup.HostConfig.deployDirectory Deployment of web application directory [/workspaces/Shopping-book/apache-tomcat-10.1.18/webapps/host-manager] has finished in [22] ms
20-Mar-2026 13:57:29.985 INFO [main] org.apache.catalina.startup.HostConfig.deployDirectory Deploying web application directory [/workspaces/Shopping-book/apache-tomcat-10.1.18/webapps/bookstore]
20-Mar-2026 13:57:30.024 INFO [main] org.apache.catalina.startup.HostConfig.deployDirectory Deployment of web application directory [/workspaces/Shopping-book/apache-tomcat-10.1.18/webapps/bookstore] has finished in [38] ms
20-Mar-2026 13:57:30.025 INFO [main] org.apache.catalina.startup.HostConfig.deployDirectory Deploying web application directory [/workspaces/Shopping-book/apache-tomcat-10.1.18/webapps/ROOT]
20-Mar-2026 13:57:30.046 INFO [main] org.apache.catalina.startup.HostConfig.deployDirectory Deployment of web application directory [/workspaces/Shopping-book/apache-tomcat-10.1.18/webapps/ROOT] has finished in [22] ms
20-Mar-2026 13:57:30.051 INFO [main] org.apache.coyote.AbstractProtocol.start Starting ProtocolHandler ["http-nio-8080"]
20-Mar-2026 13:57:30.078 INFO [main] org.apache.catalina.startup.Catalina.start Server startup in [1735] milliseconds
20-Mar-2026 14:19:55.641 INFO [main] org.apache.catalina.core.StandardServer.await A valid shutdown command was received via the shutdown port. Stopping the Server instance.
20-Mar-2026 14:19:55.641 INFO [main] org.apache.coyote.AbstractProtocol.pause Pausing ProtocolHandler ["http-nio-8080"]
20-Mar-2026 14:19:55.647 INFO [main] org.apache.catalina.core.StandardService.stopInternal Stopping service [Catalina]
20-Mar-2026 14:19:55.698 INFO [main] org.apache.coyote.AbstractProtocol.stop Stopping ProtocolHandler ["http-nio-8080"]
20-Mar-2026 14:19:55.713 INFO [main] org.apache.coyote.AbstractProtocol.destroy Destroying ProtocolHandler ["http-nio-8080"]
20-Mar-2026 14:20:00.622 INFO [main] org.apache.catalina.startup.VersionLoggerListener.log Server version name:   Apache Tomcat/10.1.18
20-Mar-2026 14:20:00.633 INFO [main] org.apache.catalina.startup.VersionLoggerListener.log Server built:          Jan 5 2024 14:39:40 UTC
20-Mar-2026 14:20:00.633 INFO [main] org.apache.catalina.startup.VersionLoggerListener.log Server version number: 10.1.18.0
20-Mar-2026 14:20:00.633 INFO [main] org.apache.catalina.startup.VersionLoggerListener.log OS Name:               Linux
20-Mar-2026 14:20:00.633 INFO [main] org.apache.catalina.startup.VersionLoggerListener.log OS Version:            6.8.0-1044-azure
20-Mar-2026 14:20:00.633 INFO [main] org.apache.catalina.startup.VersionLoggerListener.log Architecture:          amd64
20-Mar-2026 14:20:00.634 INFO [main] org.apache.catalina.startup.VersionLoggerListener.log Java Home:             /usr/local/sdkman/candidates/java/25.0.1-ms
20-Mar-2026 14:20:00.634 INFO [main] org.apache.catalina.startup.VersionLoggerListener.log JVM Version:           25.0.1+8-LTS
20-Mar-2026 14:20:00.635 INFO [main] org.apache.catalina.startup.VersionLoggerListener.log JVM Vendor:            Microsoft
20-Mar-2026 14:20:00.635 INFO [main] org.apache.catalina.startup.VersionLoggerListener.log CATALINA_BASE:         /workspaces/Shopping-book/apache-tomcat-10.1.18
20-Mar-2026 14:20:00.636 INFO [main] org.apache.catalina.startup.VersionLoggerListener.log CATALINA_HOME:         /workspaces/Shopping-book/apache-tomcat-10.1.18
20-Mar-2026 14:20:00.660 INFO [main] org.apache.catalina.startup.VersionLoggerListener.log Command line argument: -Djava.util.logging.config.file=/workspaces/Shopping-book/apache-tomcat-10.1.18/conf/logging.properties
20-Mar-2026 14:20:00.660 INFO [main] org.apache.catalina.startup.VersionLoggerListener.log Command line argument: -Djava.util.logging.manager=org.apache.juli.ClassLoaderLogManager
20-Mar-2026 14:20:00.660 INFO [main] org.apache.catalina.startup.VersionLoggerListener.log Command line argument: -Djdk.tls.ephemeralDHKeySize=2048
20-Mar-2026 14:20:00.660 INFO [main] org.apache.catalina.startup.VersionLoggerListener.log Command line argument: -Djava.protocol.handler.pkgs=org.apache.catalina.webresources
20-Mar-2026 14:20:00.661 INFO [main] org.apache.catalina.startup.VersionLoggerListener.log Command line argument: -Dorg.apache.catalina.security.SecurityListener.UMASK=0027
20-Mar-2026 14:20:00.661 INFO [main] org.apache.catalina.startup.VersionLoggerListener.log Command line argument: --add-opens=java.base/java.lang=ALL-UNNAMED
20-Mar-2026 14:20:00.661 INFO [main] org.apache.catalina.startup.VersionLoggerListener.log Command line argument: --add-opens=java.base/java.io=ALL-UNNAMED
20-Mar-2026 14:20:00.661 INFO [main] org.apache.catalina.startup.VersionLoggerListener.log Command line argument: --add-opens=java.base/java.util=ALL-UNNAMED
20-Mar-2026 14:20:00.661 INFO [main] org.apache.catalina.startup.VersionLoggerListener.log Command line argument: --add-opens=java.base/java.util.concurrent=ALL-UNNAMED
20-Mar-2026 14:20:00.662 INFO [main] org.apache.catalina.startup.VersionLoggerListener.log Command line argument: --add-opens=java.rmi/sun.rmi.transport=ALL-UNNAMED
20-Mar-2026 14:20:00.662 INFO [main] org.apache.catalina.startup.VersionLoggerListener.log Command line argument: -Dcatalina.base=/workspaces/Shopping-book/apache-tomcat-10.1.18
20-Mar-2026 14:20:00.662 INFO [main] org.apache.catalina.startup.VersionLoggerListener.log Command line argument: -Dcatalina.home=/workspaces/Shopping-book/apache-tomcat-10.1.18
20-Mar-2026 14:20:00.663 INFO [main] org.apache.catalina.startup.VersionLoggerListener.log Command line argument: -Djava.io.tmpdir=/workspaces/Shopping-book/apache-tomcat-10.1.18/temp
20-Mar-2026 14:20:00.676 INFO [main] org.apache.catalina.core.AprLifecycleListener.lifecycleEvent The Apache Tomcat Native library which allows using OpenSSL was not found on the java.library.path: [/usr/java/packages/lib:/usr/lib64:/lib64:/lib:/usr/lib]
20-Mar-2026 14:20:01.185 INFO [main] org.apache.coyote.AbstractProtocol.init Initializing ProtocolHandler ["http-nio-8080"]
20-Mar-2026 14:20:01.217 INFO [main] org.apache.catalina.startup.Catalina.load Server initialization in [846] milliseconds
20-Mar-2026 14:20:01.293 INFO [main] org.apache.catalina.core.StandardService.startInternal Starting service [Catalina]
20-Mar-2026 14:20:01.293 INFO [main] org.apache.catalina.core.StandardEngine.startInternal Starting Servlet engine: [Apache Tomcat/10.1.18]
20-Mar-2026 14:20:01.304 INFO [main] org.apache.catalina.startup.HostConfig.deployDirectory Deploying web application directory [/workspaces/Shopping-book/apache-tomcat-10.1.18/webapps/docs]
20-Mar-2026 14:20:01.709 INFO [main] org.apache.catalina.startup.HostConfig.deployDirectory Deployment of web application directory [/workspaces/Shopping-book/apache-tomcat-10.1.18/webapps/docs] has finished in [400] ms
20-Mar-2026 14:20:01.710 INFO [main] org.apache.catalina.startup.HostConfig.deployDirectory Deploying web application directory [/workspaces/Shopping-book/apache-tomcat-10.1.18/webapps/examples]
20-Mar-2026 14:20:02.015 INFO [main] org.apache.catalina.startup.HostConfig.deployDirectory Deployment of web application directory [/workspaces/Shopping-book/apache-tomcat-10.1.18/webapps/examples] has finished in [306] ms
20-Mar-2026 14:20:02.015 INFO [main] org.apache.catalina.startup.HostConfig.deployDirectory Deploying web application directory [/workspaces/Shopping-book/apache-tomcat-10.1.18/webapps/manager]
20-Mar-2026 14:20:02.052 INFO [main] org.apache.catalina.startup.HostConfig.deployDirectory Deployment of web application directory [/workspaces/Shopping-book/apache-tomcat-10.1.18/webapps/manager] has finished in [37] ms
20-Mar-2026 14:20:02.053 INFO [main] org.apache.catalina.startup.HostConfig.deployDirectory Deploying web application directory [/workspaces/Shopping-book/apache-tomcat-10.1.18/webapps/host-manager]
20-Mar-2026 14:20:02.078 INFO [main] org.apache.catalina.startup.HostConfig.deployDirectory Deployment of web application directory [/workspaces/Shopping-book/apache-tomcat-10.1.18/webapps/host-manager] has finished in [25] ms
20-Mar-2026 14:20:02.079 INFO [main] org.apache.catalina.startup.HostConfig.deployDirectory Deploying web application directory [/workspaces/Shopping-book/apache-tomcat-10.1.18/webapps/bookstore]
20-Mar-2026 14:20:02.119 INFO [main] org.apache.catalina.startup.HostConfig.deployDirectory Deployment of web application directory [/workspaces/Shopping-book/apache-tomcat-10.1.18/webapps/bookstore] has finished in [40] ms
20-Mar-2026 14:20:02.120 INFO [main] org.apache.catalina.startup.HostConfig.deployDirectory Deploying web application directory [/workspaces/Shopping-book/apache-tomcat-10.1.18/webapps/ROOT]
20-Mar-2026 14:20:02.145 INFO [main] org.apache.catalina.startup.HostConfig.deployDirectory Deployment of web application directory [/workspaces/Shopping-book/apache-tomcat-10.1.18/webapps/ROOT] has finished in [25] ms
20-Mar-2026 14:20:02.150 INFO [main] org.apache.coyote.AbstractProtocol.start Starting ProtocolHandler ["http-nio-8080"]
20-Mar-2026 14:20:02.176 INFO [main] org.apache.catalina.startup.Catalina.start Server startup in [956] milliseconds
